


ARM Macro Assembler    Page 1 


    1 00000000         ;*******************************************************
                       ************************
    2 00000000         ;* File Name          : startup_stm32f042x6.s
    3 00000000         ;* Author             : MCD Application Team
    4 00000000         ;* Description        : STM32F042x4/STM32F042x6 devices 
                       vector table for MDK-ARM toolchain.
    5 00000000         ;*                      This module performs:
    6 00000000         ;*                      - Set the initial SP
    7 00000000         ;*                      - Set the initial PC == Reset_Ha
                       ndler
    8 00000000         ;*                      - Set the vector table entries w
                       ith the exceptions ISR address
    9 00000000         ;*                      - Branches to __main in the C li
                       brary (which eventually
   10 00000000         ;*                        calls main()).
   11 00000000         ;*                      After Reset the CortexM0 process
                       or is in Thread mode,
   12 00000000         ;*                      priority is Privileged, and the 
                       Stack is set to Main.
   13 00000000         ;*******************************************************
                       *************************
   14 00000000         ;* @attention
   15 00000000         ;*
   16 00000000         ;* Copyright (c) 2016 STMicroelectronics.
   17 00000000         ;* All rights reserved.
   18 00000000         ;*
   19 00000000         ;* This software component is licensed by ST under BSD 3
                       -Clause license,
   20 00000000         ;* the "License"; You may not use this file except in co
                       mpliance with the
   21 00000000         ;* License. You may obtain a copy of the License at:
   22 00000000         ;*                        opensource.org/licenses/BSD-3-
                       Clause
   23 00000000         ;*
   24 00000000         ;*******************************************************
                       ************************
   25 00000000         ;* <<< Use Configuration Wizard in Context Menu >>>
   26 00000000         ;
   27 00000000         
   28 00000000         ; Amount of memory (in bytes) allocated for Stack
   29 00000000         ; Tailor this value to your application needs
   30 00000000         ; <h> Stack Configuration
   31 00000000         ;   <o> Stack Size (in Bytes) <0x0-0xFFFFFFFF:8>
   32 00000000         ; </h>
   33 00000000         
   34 00000000 00000400 
                       Stack_Size
                               EQU              0x400
   35 00000000         
   36 00000000                 AREA             STACK, NOINIT, READWRITE, ALIGN
=3
   37 00000000         Stack_Mem
                               SPACE            Stack_Size
   38 00000400         __initial_sp
   39 00000400         
   40 00000400         
   41 00000400         ; <h> Heap Configuration
   42 00000400         ;   <o>  Heap Size (in Bytes) <0x0-0xFFFFFFFF:8>
   43 00000400         ; </h>



ARM Macro Assembler    Page 2 


   44 00000400         
   45 00000400 00000200 
                       Heap_Size
                               EQU              0x200
   46 00000400         
   47 00000400                 AREA             HEAP, NOINIT, READWRITE, ALIGN=
3
   48 00000000         __heap_base
   49 00000000         Heap_Mem
                               SPACE            Heap_Size
   50 00000200         __heap_limit
   51 00000200         
   52 00000200                 PRESERVE8
   53 00000200                 THUMB
   54 00000200         
   55 00000200         
   56 00000200         ; Vector Table Mapped to Address 0 at Reset
   57 00000200                 AREA             RESET, DATA, READONLY
   58 00000000                 EXPORT           __Vectors
   59 00000000                 EXPORT           __Vectors_End
   60 00000000                 EXPORT           __Vectors_Size
   61 00000000         
   62 00000000 00000000 
                       __Vectors
                               DCD              __initial_sp ; Top of Stack
   63 00000004 00000000        DCD              Reset_Handler ; Reset Handler
   64 00000008 00000000        DCD              NMI_Handler ; NMI Handler
   65 0000000C 00000000        DCD              HardFault_Handler ; Hard Fault 
                                                            Handler
   66 00000010 00000000        DCD              0           ; Reserved
   67 00000014 00000000        DCD              0           ; Reserved
   68 00000018 00000000        DCD              0           ; Reserved
   69 0000001C 00000000        DCD              0           ; Reserved
   70 00000020 00000000        DCD              0           ; Reserved
   71 00000024 00000000        DCD              0           ; Reserved
   72 00000028 00000000        DCD              0           ; Reserved
   73 0000002C 00000000        DCD              SVC_Handler ; SVCall Handler
   74 00000030 00000000        DCD              0           ; Reserved
   75 00000034 00000000        DCD              0           ; Reserved
   76 00000038 00000000        DCD              PendSV_Handler ; PendSV Handler
                                                            
   77 0000003C 00000000        DCD              SysTick_Handler 
                                                            ; SysTick Handler
   78 00000040         
   79 00000040         ; External Interrupts
   80 00000040 00000000        DCD              WWDG_IRQHandler 
                                                            ; Window Watchdog
   81 00000044 00000000        DCD              PVD_VDDIO2_IRQHandler ; PVD thr
                                                            ough EXTI Line dete
                                                            ct
   82 00000048 00000000        DCD              RTC_IRQHandler ; RTC through EX
                                                            TI Line
   83 0000004C 00000000        DCD              FLASH_IRQHandler ; FLASH
   84 00000050 00000000        DCD              RCC_CRS_IRQHandler 
                                                            ; RCC and CRS
   85 00000054 00000000        DCD              EXTI0_1_IRQHandler 
                                                            ; EXTI Line 0 and 1
                                                            
   86 00000058 00000000        DCD              EXTI2_3_IRQHandler 



ARM Macro Assembler    Page 3 


                                                            ; EXTI Line 2 and 3
                                                            
   87 0000005C 00000000        DCD              EXTI4_15_IRQHandler 
                                                            ; EXTI Line 4 to 15
                                                            
   88 00000060 00000000        DCD              TSC_IRQHandler ; TS
   89 00000064 00000000        DCD              DMA1_Channel1_IRQHandler 
                                                            ; DMA1 Channel 1
   90 00000068 00000000        DCD              DMA1_Channel2_3_IRQHandler ; DM
                                                            A1 Channel 2 and Ch
                                                            annel 3
   91 0000006C 00000000        DCD              DMA1_Channel4_5_IRQHandler ; DM
                                                            A1 Channel 4 and Ch
                                                            annel 5
   92 00000070 00000000        DCD              ADC1_IRQHandler ; ADC1 
   93 00000074 00000000        DCD              TIM1_BRK_UP_TRG_COM_IRQHandler 
                                                            ; TIM1 Break, Updat
                                                            e, Trigger and Comm
                                                            utation
   94 00000078 00000000        DCD              TIM1_CC_IRQHandler ; TIM1 Captu
                                                            re Compare
   95 0000007C 00000000        DCD              TIM2_IRQHandler ; TIM2
   96 00000080 00000000        DCD              TIM3_IRQHandler ; TIM3
   97 00000084 00000000        DCD              0           ; Reserved
   98 00000088 00000000        DCD              0           ; Reserved
   99 0000008C 00000000        DCD              TIM14_IRQHandler ; TIM14
  100 00000090 00000000        DCD              0           ; Reserved
  101 00000094 00000000        DCD              TIM16_IRQHandler ; TIM16
  102 00000098 00000000        DCD              TIM17_IRQHandler ; TIM17
  103 0000009C 00000000        DCD              I2C1_IRQHandler ; I2C1
  104 000000A0 00000000        DCD              0           ; Reserved
  105 000000A4 00000000        DCD              SPI1_IRQHandler ; SPI1
  106 000000A8 00000000        DCD              SPI2_IRQHandler ; SPI2
  107 000000AC 00000000        DCD              USART1_IRQHandler ; USART1
  108 000000B0 00000000        DCD              USART2_IRQHandler ; USART2
  109 000000B4 00000000        DCD              0           ; Reserved
  110 000000B8 00000000        DCD              CEC_CAN_IRQHandler 
                                                            ; CEC and CAN
  111 000000BC 00000000        DCD              USB_IRQHandler ; USB
  112 000000C0         
  113 000000C0         __Vectors_End
  114 000000C0         
  115 000000C0 000000C0 
                       __Vectors_Size
                               EQU              __Vectors_End - __Vectors
  116 000000C0         
  117 000000C0                 AREA             |.text|, CODE, READONLY
  118 00000000         
  119 00000000         ; Reset handler routine
  120 00000000         Reset_Handler
                               PROC
  121 00000000                 EXPORT           Reset_Handler                 [
WEAK]
  122 00000000                 IMPORT           __main
  123 00000000                 IMPORT           SystemInit
  124 00000000         
  125 00000000         
  126 00000000         
  127 00000000 480C            LDR              R0, =__initial_sp ; set stack p



ARM Macro Assembler    Page 4 


                                                            ointer 
  128 00000002 F380 8808       MSR              MSP, R0
  129 00000006         
  130 00000006         ;;Check if boot space corresponds to test memory 
  131 00000006         
  132 00000006 480C            LDR              R0,=0x00000004
  133 00000008 6801            LDR              R1, [R0]
  134 0000000A 0E09            LSRS             R1, R1, #24
  135 0000000C 4A0B            LDR              R2,=0x1F
  136 0000000E 4291            CMP              R1, R2
  137 00000010         
  138 00000010 D105            BNE              ApplicationStart
  139 00000012         
  140 00000012         ;; SYSCFG clock enable    
  141 00000012         
  142 00000012 480B            LDR              R0,=0x40021018
  143 00000014 490B            LDR              R1,=0x00000001
  144 00000016 6001            STR              R1, [R0]
  145 00000018         
  146 00000018         ;; Set CFGR1 register with flash memory remap at address
                        0
  147 00000018         
  148 00000018 480B            LDR              R0,=0x40010000
  149 0000001A 490C            LDR              R1,=0x00000000
  150 0000001C 6001            STR              R1, [R0]
  151 0000001E         ApplicationStart
  152 0000001E 480C            LDR              R0, =SystemInit
  153 00000020 4780            BLX              R0
  154 00000022 480C            LDR              R0, =__main
  155 00000024 4700            BX               R0
  156 00000026                 ENDP
  157 00000026         
  158 00000026         ; Dummy Exception Handlers (infinite loops which can be 
                       modified)
  159 00000026         
  160 00000026         NMI_Handler
                               PROC
  161 00000026                 EXPORT           NMI_Handler                    
[WEAK]
  162 00000026 E7FE            B                .
  163 00000028                 ENDP
  165 00000028         HardFault_Handler
                               PROC
  166 00000028                 EXPORT           HardFault_Handler              
[WEAK]
  167 00000028 E7FE            B                .
  168 0000002A                 ENDP
  169 0000002A         SVC_Handler
                               PROC
  170 0000002A                 EXPORT           SVC_Handler                    
[WEAK]
  171 0000002A E7FE            B                .
  172 0000002C                 ENDP
  173 0000002C         PendSV_Handler
                               PROC
  174 0000002C                 EXPORT           PendSV_Handler                 
[WEAK]
  175 0000002C E7FE            B                .
  176 0000002E                 ENDP



ARM Macro Assembler    Page 5 


  177 0000002E         SysTick_Handler
                               PROC
  178 0000002E                 EXPORT           SysTick_Handler                
[WEAK]
  179 0000002E E7FE            B                .
  180 00000030                 ENDP
  181 00000030         
  182 00000030         Default_Handler
                               PROC
  183 00000030         
  184 00000030                 EXPORT           WWDG_IRQHandler                
[WEAK]
  185 00000030                 EXPORT           PVD_VDDIO2_IRQHandler          
[WEAK]
  186 00000030                 EXPORT           RTC_IRQHandler                 
[WEAK]
  187 00000030                 EXPORT           FLASH_IRQHandler               
[WEAK]
  188 00000030                 EXPORT           RCC_CRS_IRQHandler             
[WEAK]
  189 00000030                 EXPORT           EXTI0_1_IRQHandler             
[WEAK]
  190 00000030                 EXPORT           EXTI2_3_IRQHandler             
[WEAK]
  191 00000030                 EXPORT           EXTI4_15_IRQHandler            
[WEAK]
  192 00000030                 EXPORT           TSC_IRQHandler                 
[WEAK]
  193 00000030                 EXPORT           DMA1_Channel1_IRQHandler       
[WEAK]
  194 00000030                 EXPORT           DMA1_Channel2_3_IRQHandler     
[WEAK]
  195 00000030                 EXPORT           DMA1_Channel4_5_IRQHandler [WEA
K]
  196 00000030                 EXPORT           ADC1_IRQHandler           [WEAK
]
  197 00000030                 EXPORT           TIM1_BRK_UP_TRG_COM_IRQHandler 
[WEAK]
  198 00000030                 EXPORT           TIM1_CC_IRQHandler             
[WEAK]
  199 00000030                 EXPORT           TIM2_IRQHandler                
[WEAK]
  200 00000030                 EXPORT           TIM3_IRQHandler                
[WEAK]
  201 00000030                 EXPORT           TIM14_IRQHandler               
[WEAK]
  202 00000030                 EXPORT           TIM16_IRQHandler               
[WEAK]
  203 00000030                 EXPORT           TIM17_IRQHandler               
[WEAK]
  204 00000030                 EXPORT           I2C1_IRQHandler                
[WEAK]
  205 00000030                 EXPORT           SPI1_IRQHandler                
[WEAK]
  206 00000030                 EXPORT           SPI2_IRQHandler                
[WEAK]
  207 00000030                 EXPORT           USART1_IRQHandler              
[WEAK]
  208 00000030                 EXPORT           USART2_IRQHandler              



ARM Macro Assembler    Page 6 


[WEAK]
  209 00000030                 EXPORT           CEC_CAN_IRQHandler             
[WEAK]
  210 00000030                 EXPORT           USB_IRQHandler                 
[WEAK]
  211 00000030         
  212 00000030         
  213 00000030         WWDG_IRQHandler
  214 00000030         PVD_VDDIO2_IRQHandler
  215 00000030         RTC_IRQHandler
  216 00000030         FLASH_IRQHandler
  217 00000030         RCC_CRS_IRQHandler
  218 00000030         EXTI0_1_IRQHandler
  219 00000030         EXTI2_3_IRQHandler
  220 00000030         EXTI4_15_IRQHandler
  221 00000030         TSC_IRQHandler
  222 00000030         DMA1_Channel1_IRQHandler
  223 00000030         DMA1_Channel2_3_IRQHandler
  224 00000030         DMA1_Channel4_5_IRQHandler
  225 00000030         ADC1_IRQHandler
  226 00000030         TIM1_BRK_UP_TRG_COM_IRQHandler
  227 00000030         TIM1_CC_IRQHandler
  228 00000030         TIM2_IRQHandler
  229 00000030         TIM3_IRQHandler
  230 00000030         TIM14_IRQHandler
  231 00000030         TIM16_IRQHandler
  232 00000030         TIM17_IRQHandler
  233 00000030         I2C1_IRQHandler
  234 00000030         SPI1_IRQHandler
  235 00000030         SPI2_IRQHandler
  236 00000030         USART1_IRQHandler
  237 00000030         USART2_IRQHandler
  238 00000030         CEC_CAN_IRQHandler
  239 00000030         USB_IRQHandler
  240 00000030         
  241 00000030 E7FE            B                .
  242 00000032         
  243 00000032                 ENDP
  244 00000032         
  245 00000032 00 00           ALIGN
  246 00000034         
  247 00000034         ;*******************************************************
                       ************************
  248 00000034         ; User Stack and Heap initialization
  249 00000034         ;*******************************************************
                       ************************
  250 00000034                 IF               :DEF:__MICROLIB
  251 00000034         
  252 00000034                 EXPORT           __initial_sp
  253 00000034                 EXPORT           __heap_base
  254 00000034                 EXPORT           __heap_limit
  255 00000034         
  256 00000034                 ELSE
  271                          ENDIF
  272 00000034         
  273 00000034                 END
              00000000 
              00000004 
              0000001F 



ARM Macro Assembler    Page 7 


              40021018 
              00000001 
              40010000 
              00000000 
              00000000 
              00000000 
Command Line: --debug --xref --diag_suppress=9931 --cpu=Cortex-M0 --apcs=interw
ork --depend=imu_2022\startup_stm32f042x6.d -oimu_2022\startup_stm32f042x6.o -I
.\RTE\_IMU_2022 -IC:\Keil_v5\ARM\PACK\ARM\CMSIS\5.7.0\CMSIS\Core\Include -IC:\K
eil_v5\ARM\PACK\Keil\STM32F0xx_DFP\2.1.1\Drivers\CMSIS\Device\ST\STM32F0xx\Incl
ude --predefine="__MICROLIB SETA 1" --predefine="__UVISION_VERSION SETA 530" --
predefine="_RTE_ SETA 1" --predefine="STM32F042x6 SETA 1" --predefine="_RTE_ SE
TA 1" --list=startup_stm32f042x6.lst startup_stm32f042x6.s



ARM Macro Assembler    Page 1 Alphabetic symbol ordering
Relocatable symbols

STACK 00000000

Symbol: STACK
   Definitions
      At line 36 in file startup_stm32f042x6.s
   Uses
      None
Comment: STACK unused
Stack_Mem 00000000

Symbol: Stack_Mem
   Definitions
      At line 37 in file startup_stm32f042x6.s
   Uses
      None
Comment: Stack_Mem unused
__initial_sp 00000400

Symbol: __initial_sp
   Definitions
      At line 38 in file startup_stm32f042x6.s
   Uses
      At line 62 in file startup_stm32f042x6.s
      At line 127 in file startup_stm32f042x6.s
      At line 252 in file startup_stm32f042x6.s

3 symbols



ARM Macro Assembler    Page 1 Alphabetic symbol ordering
Relocatable symbols

HEAP 00000000

Symbol: HEAP
   Definitions
      At line 47 in file startup_stm32f042x6.s
   Uses
      None
Comment: HEAP unused
Heap_Mem 00000000

Symbol: Heap_Mem
   Definitions
      At line 49 in file startup_stm32f042x6.s
   Uses
      None
Comment: Heap_Mem unused
__heap_base 00000000

Symbol: __heap_base
   Definitions
      At line 48 in file startup_stm32f042x6.s
   Uses
      At line 253 in file startup_stm32f042x6.s
Comment: __heap_base used once
__heap_limit 00000200

Symbol: __heap_limit
   Definitions
      At line 50 in file startup_stm32f042x6.s
   Uses
      At line 254 in file startup_stm32f042x6.s
Comment: __heap_limit used once
4 symbols



ARM Macro Assembler    Page 1 Alphabetic symbol ordering
Relocatable symbols

RESET 00000000

Symbol: RESET
   Definitions
      At line 57 in file startup_stm32f042x6.s
   Uses
      None
Comment: RESET unused
__Vectors 00000000

Symbol: __Vectors
   Definitions
      At line 62 in file startup_stm32f042x6.s
   Uses
      At line 58 in file startup_stm32f042x6.s
      At line 115 in file startup_stm32f042x6.s

__Vectors_End 000000C0

Symbol: __Vectors_End
   Definitions
      At line 113 in file startup_stm32f042x6.s
   Uses
      At line 59 in file startup_stm32f042x6.s
      At line 115 in file startup_stm32f042x6.s

3 symbols



ARM Macro Assembler    Page 1 Alphabetic symbol ordering
Relocatable symbols

.text 00000000

Symbol: .text
   Definitions
      At line 117 in file startup_stm32f042x6.s
   Uses
      None
Comment: .text unused
ADC1_IRQHandler 00000030

Symbol: ADC1_IRQHandler
   Definitions
      At line 225 in file startup_stm32f042x6.s
   Uses
      At line 92 in file startup_stm32f042x6.s
      At line 196 in file startup_stm32f042x6.s

ApplicationStart 0000001E

Symbol: ApplicationStart
   Definitions
      At line 151 in file startup_stm32f042x6.s
   Uses
      At line 138 in file startup_stm32f042x6.s
Comment: ApplicationStart used once
CEC_CAN_IRQHandler 00000030

Symbol: CEC_CAN_IRQHandler
   Definitions
      At line 238 in file startup_stm32f042x6.s
   Uses
      At line 110 in file startup_stm32f042x6.s
      At line 209 in file startup_stm32f042x6.s

DMA1_Channel1_IRQHandler 00000030

Symbol: DMA1_Channel1_IRQHandler
   Definitions
      At line 222 in file startup_stm32f042x6.s
   Uses
      At line 89 in file startup_stm32f042x6.s
      At line 193 in file startup_stm32f042x6.s

DMA1_Channel2_3_IRQHandler 00000030

Symbol: DMA1_Channel2_3_IRQHandler
   Definitions
      At line 223 in file startup_stm32f042x6.s
   Uses
      At line 90 in file startup_stm32f042x6.s
      At line 194 in file startup_stm32f042x6.s

DMA1_Channel4_5_IRQHandler 00000030

Symbol: DMA1_Channel4_5_IRQHandler
   Definitions
      At line 224 in file startup_stm32f042x6.s
   Uses
      At line 91 in file startup_stm32f042x6.s



ARM Macro Assembler    Page 2 Alphabetic symbol ordering
Relocatable symbols

      At line 195 in file startup_stm32f042x6.s

Default_Handler 00000030

Symbol: Default_Handler
   Definitions
      At line 182 in file startup_stm32f042x6.s
   Uses
      None
Comment: Default_Handler unused
EXTI0_1_IRQHandler 00000030

Symbol: EXTI0_1_IRQHandler
   Definitions
      At line 218 in file startup_stm32f042x6.s
   Uses
      At line 85 in file startup_stm32f042x6.s
      At line 189 in file startup_stm32f042x6.s

EXTI2_3_IRQHandler 00000030

Symbol: EXTI2_3_IRQHandler
   Definitions
      At line 219 in file startup_stm32f042x6.s
   Uses
      At line 86 in file startup_stm32f042x6.s
      At line 190 in file startup_stm32f042x6.s

EXTI4_15_IRQHandler 00000030

Symbol: EXTI4_15_IRQHandler
   Definitions
      At line 220 in file startup_stm32f042x6.s
   Uses
      At line 87 in file startup_stm32f042x6.s
      At line 191 in file startup_stm32f042x6.s

FLASH_IRQHandler 00000030

Symbol: FLASH_IRQHandler
   Definitions
      At line 216 in file startup_stm32f042x6.s
   Uses
      At line 83 in file startup_stm32f042x6.s
      At line 187 in file startup_stm32f042x6.s

HardFault_Handler 00000028

Symbol: HardFault_Handler
   Definitions
      At line 165 in file startup_stm32f042x6.s
   Uses
      At line 65 in file startup_stm32f042x6.s
      At line 166 in file startup_stm32f042x6.s

I2C1_IRQHandler 00000030

Symbol: I2C1_IRQHandler
   Definitions



ARM Macro Assembler    Page 3 Alphabetic symbol ordering
Relocatable symbols

      At line 233 in file startup_stm32f042x6.s
   Uses
      At line 103 in file startup_stm32f042x6.s
      At line 204 in file startup_stm32f042x6.s

NMI_Handler 00000026

Symbol: NMI_Handler
   Definitions
      At line 160 in file startup_stm32f042x6.s
   Uses
      At line 64 in file startup_stm32f042x6.s
      At line 161 in file startup_stm32f042x6.s

PVD_VDDIO2_IRQHandler 00000030

Symbol: PVD_VDDIO2_IRQHandler
   Definitions
      At line 214 in file startup_stm32f042x6.s
   Uses
      At line 81 in file startup_stm32f042x6.s
      At line 185 in file startup_stm32f042x6.s

PendSV_Handler 0000002C

Symbol: PendSV_Handler
   Definitions
      At line 173 in file startup_stm32f042x6.s
   Uses
      At line 76 in file startup_stm32f042x6.s
      At line 174 in file startup_stm32f042x6.s

RCC_CRS_IRQHandler 00000030

Symbol: RCC_CRS_IRQHandler
   Definitions
      At line 217 in file startup_stm32f042x6.s
   Uses
      At line 84 in file startup_stm32f042x6.s
      At line 188 in file startup_stm32f042x6.s

RTC_IRQHandler 00000030

Symbol: RTC_IRQHandler
   Definitions
      At line 215 in file startup_stm32f042x6.s
   Uses
      At line 82 in file startup_stm32f042x6.s
      At line 186 in file startup_stm32f042x6.s

Reset_Handler 00000000

Symbol: Reset_Handler
   Definitions
      At line 120 in file startup_stm32f042x6.s
   Uses
      At line 63 in file startup_stm32f042x6.s
      At line 121 in file startup_stm32f042x6.s




ARM Macro Assembler    Page 4 Alphabetic symbol ordering
Relocatable symbols

SPI1_IRQHandler 00000030

Symbol: SPI1_IRQHandler
   Definitions
      At line 234 in file startup_stm32f042x6.s
   Uses
      At line 105 in file startup_stm32f042x6.s
      At line 205 in file startup_stm32f042x6.s

SPI2_IRQHandler 00000030

Symbol: SPI2_IRQHandler
   Definitions
      At line 235 in file startup_stm32f042x6.s
   Uses
      At line 106 in file startup_stm32f042x6.s
      At line 206 in file startup_stm32f042x6.s

SVC_Handler 0000002A

Symbol: SVC_Handler
   Definitions
      At line 169 in file startup_stm32f042x6.s
   Uses
      At line 73 in file startup_stm32f042x6.s
      At line 170 in file startup_stm32f042x6.s

SysTick_Handler 0000002E

Symbol: SysTick_Handler
   Definitions
      At line 177 in file startup_stm32f042x6.s
   Uses
      At line 77 in file startup_stm32f042x6.s
      At line 178 in file startup_stm32f042x6.s

TIM14_IRQHandler 00000030

Symbol: TIM14_IRQHandler
   Definitions
      At line 230 in file startup_stm32f042x6.s
   Uses
      At line 99 in file startup_stm32f042x6.s
      At line 201 in file startup_stm32f042x6.s

TIM16_IRQHandler 00000030

Symbol: TIM16_IRQHandler
   Definitions
      At line 231 in file startup_stm32f042x6.s
   Uses
      At line 101 in file startup_stm32f042x6.s
      At line 202 in file startup_stm32f042x6.s

TIM17_IRQHandler 00000030

Symbol: TIM17_IRQHandler
   Definitions
      At line 232 in file startup_stm32f042x6.s



ARM Macro Assembler    Page 5 Alphabetic symbol ordering
Relocatable symbols

   Uses
      At line 102 in file startup_stm32f042x6.s
      At line 203 in file startup_stm32f042x6.s

TIM1_BRK_UP_TRG_COM_IRQHandler 00000030

Symbol: TIM1_BRK_UP_TRG_COM_IRQHandler
   Definitions
      At line 226 in file startup_stm32f042x6.s
   Uses
      At line 93 in file startup_stm32f042x6.s
      At line 197 in file startup_stm32f042x6.s

TIM1_CC_IRQHandler 00000030

Symbol: TIM1_CC_IRQHandler
   Definitions
      At line 227 in file startup_stm32f042x6.s
   Uses
      At line 94 in file startup_stm32f042x6.s
      At line 198 in file startup_stm32f042x6.s

TIM2_IRQHandler 00000030

Symbol: TIM2_IRQHandler
   Definitions
      At line 228 in file startup_stm32f042x6.s
   Uses
      At line 95 in file startup_stm32f042x6.s
      At line 199 in file startup_stm32f042x6.s

TIM3_IRQHandler 00000030

Symbol: TIM3_IRQHandler
   Definitions
      At line 229 in file startup_stm32f042x6.s
   Uses
      At line 96 in file startup_stm32f042x6.s
      At line 200 in file startup_stm32f042x6.s

TSC_IRQHandler 00000030

Symbol: TSC_IRQHandler
   Definitions
      At line 221 in file startup_stm32f042x6.s
   Uses
      At line 88 in file startup_stm32f042x6.s
      At line 192 in file startup_stm32f042x6.s

USART1_IRQHandler 00000030

Symbol: USART1_IRQHandler
   Definitions
      At line 236 in file startup_stm32f042x6.s
   Uses
      At line 107 in file startup_stm32f042x6.s
      At line 207 in file startup_stm32f042x6.s

USART2_IRQHandler 00000030



ARM Macro Assembler    Page 6 Alphabetic symbol ordering
Relocatable symbols


Symbol: USART2_IRQHandler
   Definitions
      At line 237 in file startup_stm32f042x6.s
   Uses
      At line 108 in file startup_stm32f042x6.s
      At line 208 in file startup_stm32f042x6.s

USB_IRQHandler 00000030

Symbol: USB_IRQHandler
   Definitions
      At line 239 in file startup_stm32f042x6.s
   Uses
      At line 111 in file startup_stm32f042x6.s
      At line 210 in file startup_stm32f042x6.s

WWDG_IRQHandler 00000030

Symbol: WWDG_IRQHandler
   Definitions
      At line 213 in file startup_stm32f042x6.s
   Uses
      At line 80 in file startup_stm32f042x6.s
      At line 184 in file startup_stm32f042x6.s

36 symbols



ARM Macro Assembler    Page 1 Alphabetic symbol ordering
Absolute symbols

Heap_Size 00000200

Symbol: Heap_Size
   Definitions
      At line 45 in file startup_stm32f042x6.s
   Uses
      At line 49 in file startup_stm32f042x6.s
Comment: Heap_Size used once
Stack_Size 00000400

Symbol: Stack_Size
   Definitions
      At line 34 in file startup_stm32f042x6.s
   Uses
      At line 37 in file startup_stm32f042x6.s
Comment: Stack_Size used once
__Vectors_Size 000000C0

Symbol: __Vectors_Size
   Definitions
      At line 115 in file startup_stm32f042x6.s
   Uses
      At line 60 in file startup_stm32f042x6.s
Comment: __Vectors_Size used once
3 symbols



ARM Macro Assembler    Page 1 Alphabetic symbol ordering
External symbols

SystemInit 00000000

Symbol: SystemInit
   Definitions
      At line 123 in file startup_stm32f042x6.s
   Uses
      At line 152 in file startup_stm32f042x6.s
Comment: SystemInit used once
__main 00000000

Symbol: __main
   Definitions
      At line 122 in file startup_stm32f042x6.s
   Uses
      At line 154 in file startup_stm32f042x6.s
Comment: __main used once
2 symbols
387 symbols in table
